16-Jul-2024 14:14:59.698 INFO [main] org.apache.catalina.startup.VersionLoggerListener.log Server version name:   Apache Tomcat/8.5.100
16-Jul-2024 14:14:59.700 INFO [main] org.apache.catalina.startup.VersionLoggerListener.log Server built:          Mar 19 2024 13:54:42 UTC
16-Jul-2024 14:14:59.700 INFO [main] org.apache.catalina.startup.VersionLoggerListener.log Server version number: 8.5.100.0
16-Jul-2024 14:14:59.700 INFO [main] org.apache.catalina.startup.VersionLoggerListener.log OS Name:               Linux
16-Jul-2024 14:14:59.700 INFO [main] org.apache.catalina.startup.VersionLoggerListener.log OS Version:            6.9.8-arch1-1
16-Jul-2024 14:14:59.700 INFO [main] org.apache.catalina.startup.VersionLoggerListener.log Architecture:          amd64
16-Jul-2024 14:14:59.700 INFO [main] org.apache.catalina.startup.VersionLoggerListener.log Java Home:             /opt/java/openjdk/jre
16-Jul-2024 14:14:59.700 INFO [main] org.apache.catalina.startup.VersionLoggerListener.log JVM Version:           1.8.0_402-b06
16-Jul-2024 14:14:59.700 INFO [main] org.apache.catalina.startup.VersionLoggerListener.log JVM Vendor:            Temurin
16-Jul-2024 14:14:59.700 INFO [main] org.apache.catalina.startup.VersionLoggerListener.log CATALINA_BASE:         /usr/local/tomcat
16-Jul-2024 14:14:59.700 INFO [main] org.apache.catalina.startup.VersionLoggerListener.log CATALINA_HOME:         /usr/local/tomcat
16-Jul-2024 14:14:59.701 INFO [main] org.apache.catalina.startup.VersionLoggerListener.log Command line argument: -Djava.util.logging.config.file=/usr/local/tomcat/conf/logging.properties
16-Jul-2024 14:14:59.701 INFO [main] org.apache.catalina.startup.VersionLoggerListener.log Command line argument: -Djava.util.logging.manager=org.apache.juli.ClassLoaderLogManager
16-Jul-2024 14:14:59.701 INFO [main] org.apache.catalina.startup.VersionLoggerListener.log Command line argument: -Xms512m
16-Jul-2024 14:14:59.701 INFO [main] org.apache.catalina.startup.VersionLoggerListener.log Command line argument: -Xmx1024m
16-Jul-2024 14:14:59.701 INFO [main] org.apache.catalina.startup.VersionLoggerListener.log Command line argument: -Djdk.tls.ephemeralDHKeySize=2048
16-Jul-2024 14:14:59.701 INFO [main] org.apache.catalina.startup.VersionLoggerListener.log Command line argument: -Djava.protocol.handler.pkgs=org.apache.catalina.webresources
16-Jul-2024 14:14:59.701 INFO [main] org.apache.catalina.startup.VersionLoggerListener.log Command line argument: -Dorg.apache.catalina.security.SecurityListener.UMASK=0027
16-Jul-2024 14:14:59.701 INFO [main] org.apache.catalina.startup.VersionLoggerListener.log Command line argument: -Dignore.endorsed.dirs=
16-Jul-2024 14:14:59.702 INFO [main] org.apache.catalina.startup.VersionLoggerListener.log Command line argument: -Dcatalina.base=/usr/local/tomcat
16-Jul-2024 14:14:59.702 INFO [main] org.apache.catalina.startup.VersionLoggerListener.log Command line argument: -Dcatalina.home=/usr/local/tomcat
16-Jul-2024 14:14:59.704 INFO [main] org.apache.catalina.startup.VersionLoggerListener.log Command line argument: -Djava.io.tmpdir=/usr/local/tomcat/temp
16-Jul-2024 14:14:59.704 INFO [main] org.apache.catalina.core.AprLifecycleListener.lifecycleEvent Loaded Apache Tomcat Native library [1.2.39] using APR version [1.7.0].
16-Jul-2024 14:14:59.705 INFO [main] org.apache.catalina.core.AprLifecycleListener.lifecycleEvent APR capabilities: IPv6 [true], sendfile [true], accept filters [false], random [true], UDS [{4}].
16-Jul-2024 14:14:59.705 INFO [main] org.apache.catalina.core.AprLifecycleListener.lifecycleEvent APR/OpenSSL configuration: useAprConnector [false], useOpenSSL [true]
16-Jul-2024 14:14:59.707 INFO [main] org.apache.catalina.core.AprLifecycleListener.initializeSSL OpenSSL successfully initialized [OpenSSL 3.0.2 15 Mar 2022]
16-Jul-2024 14:14:59.755 INFO [main] org.apache.coyote.AbstractProtocol.init Initializing ProtocolHandler ["http-nio-8080"]
16-Jul-2024 14:14:59.770 INFO [main] org.apache.catalina.startup.Catalina.load Initialization processed in 336 ms
16-Jul-2024 14:14:59.813 INFO [main] org.apache.catalina.core.StandardService.startInternal Starting service [Catalina]
16-Jul-2024 14:14:59.813 INFO [main] org.apache.catalina.core.StandardEngine.startInternal Starting Servlet engine: [Apache Tomcat/8.5.100]
16-Jul-2024 14:14:59.835 INFO [main] org.apache.coyote.AbstractProtocol.start Starting ProtocolHandler ["http-nio-8080"]
16-Jul-2024 14:14:59.858 INFO [main] org.apache.catalina.startup.Catalina.start Server startup in 88 ms
16-Jul-2024 14:18:03.003 INFO [Thread-2] org.apache.coyote.AbstractProtocol.pause Pausing ProtocolHandler ["http-nio-8080"]
16-Jul-2024 14:18:03.008 INFO [Thread-2] org.apache.catalina.core.StandardService.stopInternal Stopping service [Catalina]
16-Jul-2024 14:18:03.011 INFO [Thread-2] org.apache.coyote.AbstractProtocol.stop Stopping ProtocolHandler ["http-nio-8080"]
16-Jul-2024 14:18:03.016 INFO [Thread-2] org.apache.coyote.AbstractProtocol.destroy Destroying ProtocolHandler ["http-nio-8080"]
16-Jul-2024 14:30:39.153 INFO [main] org.apache.catalina.startup.VersionLoggerListener.log Server version name:   Apache Tomcat/8.5.100
16-Jul-2024 14:30:39.155 INFO [main] org.apache.catalina.startup.VersionLoggerListener.log Server built:          Mar 19 2024 13:54:42 UTC
16-Jul-2024 14:30:39.155 INFO [main] org.apache.catalina.startup.VersionLoggerListener.log Server version number: 8.5.100.0
16-Jul-2024 14:30:39.155 INFO [main] org.apache.catalina.startup.VersionLoggerListener.log OS Name:               Linux
16-Jul-2024 14:30:39.155 INFO [main] org.apache.catalina.startup.VersionLoggerListener.log OS Version:            6.9.8-arch1-1
16-Jul-2024 14:30:39.155 INFO [main] org.apache.catalina.startup.VersionLoggerListener.log Architecture:          amd64
16-Jul-2024 14:30:39.155 INFO [main] org.apache.catalina.startup.VersionLoggerListener.log Java Home:             /opt/java/openjdk/jre
16-Jul-2024 14:30:39.155 INFO [main] org.apache.catalina.startup.VersionLoggerListener.log JVM Version:           1.8.0_402-b06
16-Jul-2024 14:30:39.156 INFO [main] org.apache.catalina.startup.VersionLoggerListener.log JVM Vendor:            Temurin
16-Jul-2024 14:30:39.156 INFO [main] org.apache.catalina.startup.VersionLoggerListener.log CATALINA_BASE:         /usr/local/tomcat
16-Jul-2024 14:30:39.156 INFO [main] org.apache.catalina.startup.VersionLoggerListener.log CATALINA_HOME:         /usr/local/tomcat
16-Jul-2024 14:30:39.156 INFO [main] org.apache.catalina.startup.VersionLoggerListener.log Command line argument: -Djava.util.logging.config.file=/usr/local/tomcat/conf/logging.properties
16-Jul-2024 14:30:39.156 INFO [main] org.apache.catalina.startup.VersionLoggerListener.log Command line argument: -Djava.util.logging.manager=org.apache.juli.ClassLoaderLogManager
16-Jul-2024 14:30:39.156 INFO [main] org.apache.catalina.startup.VersionLoggerListener.log Command line argument: -Xms512m
16-Jul-2024 14:30:39.156 INFO [main] org.apache.catalina.startup.VersionLoggerListener.log Command line argument: -Xmx1024m
16-Jul-2024 14:30:39.156 INFO [main] org.apache.catalina.startup.VersionLoggerListener.log Command line argument: -Djdk.tls.ephemeralDHKeySize=2048
16-Jul-2024 14:30:39.156 INFO [main] org.apache.catalina.startup.VersionLoggerListener.log Command line argument: -Djava.protocol.handler.pkgs=org.apache.catalina.webresources
16-Jul-2024 14:30:39.156 INFO [main] org.apache.catalina.startup.VersionLoggerListener.log Command line argument: -Dorg.apache.catalina.security.SecurityListener.UMASK=0027
16-Jul-2024 14:30:39.156 INFO [main] org.apache.catalina.startup.VersionLoggerListener.log Command line argument: -Dignore.endorsed.dirs=
16-Jul-2024 14:30:39.156 INFO [main] org.apache.catalina.startup.VersionLoggerListener.log Command line argument: -Dcatalina.base=/usr/local/tomcat
16-Jul-2024 14:30:39.156 INFO [main] org.apache.catalina.startup.VersionLoggerListener.log Command line argument: -Dcatalina.home=/usr/local/tomcat
16-Jul-2024 14:30:39.156 INFO [main] org.apache.catalina.startup.VersionLoggerListener.log Command line argument: -Djava.io.tmpdir=/usr/local/tomcat/temp
16-Jul-2024 14:30:39.156 INFO [main] org.apache.catalina.core.AprLifecycleListener.lifecycleEvent Loaded Apache Tomcat Native library [1.2.39] using APR version [1.7.0].
16-Jul-2024 14:30:39.156 INFO [main] org.apache.catalina.core.AprLifecycleListener.lifecycleEvent APR capabilities: IPv6 [true], sendfile [true], accept filters [false], random [true], UDS [{4}].
16-Jul-2024 14:30:39.156 INFO [main] org.apache.catalina.core.AprLifecycleListener.lifecycleEvent APR/OpenSSL configuration: useAprConnector [false], useOpenSSL [true]
16-Jul-2024 14:30:39.160 INFO [main] org.apache.catalina.core.AprLifecycleListener.initializeSSL OpenSSL successfully initialized [OpenSSL 3.0.2 15 Mar 2022]
16-Jul-2024 14:30:39.210 INFO [main] org.apache.coyote.AbstractProtocol.init Initializing ProtocolHandler ["http-nio-8080"]
16-Jul-2024 14:30:39.223 INFO [main] org.apache.catalina.startup.Catalina.load Initialization processed in 326 ms
16-Jul-2024 14:30:39.244 INFO [main] org.apache.catalina.core.StandardService.startInternal Starting service [Catalina]
16-Jul-2024 14:30:39.245 INFO [main] org.apache.catalina.core.StandardEngine.startInternal Starting Servlet engine: [Apache Tomcat/8.5.100]
16-Jul-2024 14:30:39.251 INFO [main] org.apache.coyote.AbstractProtocol.start Starting ProtocolHandler ["http-nio-8080"]
16-Jul-2024 14:30:39.262 INFO [main] org.apache.catalina.startup.Catalina.start Server startup in 38 ms
16-Jul-2024 14:31:22.705 INFO [Thread-2] org.apache.coyote.AbstractProtocol.pause Pausing ProtocolHandler ["http-nio-8080"]
16-Jul-2024 14:31:22.711 INFO [Thread-2] org.apache.catalina.core.StandardService.stopInternal Stopping service [Catalina]
16-Jul-2024 14:31:22.713 INFO [Thread-2] org.apache.coyote.AbstractProtocol.stop Stopping ProtocolHandler ["http-nio-8080"]
16-Jul-2024 14:31:22.716 INFO [Thread-2] org.apache.coyote.AbstractProtocol.destroy Destroying ProtocolHandler ["http-nio-8080"]
